Pages to scrape: 71

DevTools listening on ws://127.0.0.1:60642/devtools/browser/aafff7f8-5e73-4c41-93e4-fe20d2927b45
Scraping: https://www.topcv.vn/tim-viec-lam-cong-nghe-thong-tin-cr257?type_keyword=1&page=1&category_family=r257
Found 50 jobs
Scraping: https://www.topcv.vn/tim-viec-lam-cong-nghe-thong-tin-cr257?type_keyword=1&page=2&category_family=r257
[8336:16128:1207/152350.247:ERROR:google_apis\gcm\engine\registration_request.cc:292] Registration response error message: DEPRECATED_ENDPOINT
[8336:16128:1207/152350.418:ERROR:google_apis\gcm\engine\mcs_client.cc:700]   Error code: 401  Error message: Authentication Failed: wrong_secret
[8336:16128:1207/152350.419:ERROR:google_apis\gcm\engine\mcs_client.cc:702] Failed to log in to GCM, resetting connection.
Found 50 jobs
Scraping: https://www.topcv.vn/tim-viec-lam-cong-nghe-thong-tin-cr257?type_keyword=1&page=3&category_family=r257
Created TensorFlow Lite XNNPACK delegate for CPU.
Found 50 jobs
Scraping: https://www.topcv.vn/tim-viec-lam-cong-nghe-thong-tin-cr257?type_keyword=1&page=4&category_family=r257
Found 50 jobs
Scraping: https://www.topcv.vn/tim-viec-lam-cong-nghe-thong-tin-cr257?type_keyword=1&page=5&category_family=r257
[8336:16128:1207/152419.690:ERROR:google_apis\gcm\engine\registration_request.cc:292] Registration response error message: DEPRECATED_ENDPOINT
Found 50 jobs
Scraping: https://www.topcv.vn/tim-viec-lam-cong-nghe-thong-tin-cr257?type_keyword=1&page=6&category_family=r257
Found 50 jobs
Scraping: https://www.topcv.vn/tim-viec-lam-cong-nghe-thong-tin-cr257?type_keyword=1&page=7&category_family=r257
Found 50 jobs
Scraping: https://www.topcv.vn/tim-viec-lam-cong-nghe-thong-tin-cr257?type_keyword=1&page=8&category_family=r257
Found 50 jobs
Scraping: https://www.topcv.vn/tim-viec-lam-cong-nghe-thong-tin-cr257?type_keyword=1&page=9&category_family=r257
Found 50 jobs
Scraping: https://www.topcv.vn/tim-viec-lam-cong-nghe-thong-tin-cr257?type_keyword=1&page=10&category_family=r257
[8336:16128:1207/152514.938:ERROR:google_apis\gcm\engine\registration_request.cc:292] Registration response error message: QUOTA_EXCEEDED
Found 50 jobs
Scraping: https://www.topcv.vn/tim-viec-lam-cong-nghe-thong-tin-cr257?type_keyword=1&page=11&category_family=r257
Found 50 jobs
Scraping: https://www.topcv.vn/tim-viec-lam-cong-nghe-thong-tin-cr257?type_keyword=1&page=12&category_family=r257
Found 50 jobs
Scraping: https://www.topcv.vn/tim-viec-lam-cong-nghe-thong-tin-cr257?type_keyword=1&page=13&category_family=r257
Found 50 jobs
Scraping: https://www.topcv.vn/tim-viec-lam-cong-nghe-thong-tin-cr257?type_keyword=1&page=14&category_family=r257
Found 50 jobs
Scraping: https://www.topcv.vn/tim-viec-lam-cong-nghe-thong-tin-cr257?type_keyword=1&page=15&category_family=r257
Found 50 jobs
Scraping: https://www.topcv.vn/tim-viec-lam-cong-nghe-thong-tin-cr257?type_keyword=1&page=16&category_family=r257
Found 50 jobs
Scraping: https://www.topcv.vn/tim-viec-lam-cong-nghe-thong-tin-cr257?type_keyword=1&page=17&category_family=r257
Found 50 jobs
Scraping: https://www.topcv.vn/tim-viec-lam-cong-nghe-thong-tin-cr257?type_keyword=1&page=18&category_family=r257
Found 50 jobs
Scraping: https://www.topcv.vn/tim-viec-lam-cong-nghe-thong-tin-cr257?type_keyword=1&page=19&category_family=r257
Found 50 jobs
Scraping: https://www.topcv.vn/tim-viec-lam-cong-nghe-thong-tin-cr257?type_keyword=1&page=20&category_family=r257
Found 50 jobs
Scraping: https://www.topcv.vn/tim-viec-lam-cong-nghe-thong-tin-cr257?type_keyword=1&page=21&category_family=r257
Found 50 jobs
Scraping: https://www.topcv.vn/tim-viec-lam-cong-nghe-thong-tin-cr257?type_keyword=1&page=22&category_family=r257
Found 50 jobs
Scraping: https://www.topcv.vn/tim-viec-lam-cong-nghe-thong-tin-cr257?type_keyword=1&page=23&category_family=r257
Found 50 jobs
Scraping: https://www.topcv.vn/tim-viec-lam-cong-nghe-thong-tin-cr257?type_keyword=1&page=24&category_family=r257
Found 50 jobs
Scraping: https://www.topcv.vn/tim-viec-lam-cong-nghe-thong-tin-cr257?type_keyword=1&page=25&category_family=r257
[12020:36344:1207/152755.879:ERROR:gpu\command_buffer\service\shared_image\shared_image_manager.cc:393] SharedImageManager::ProduceSkia: Trying to Produce a Skia representation from a non-existent mailbox.
Found 50 jobs
Scraping: https://www.topcv.vn/tim-viec-lam-cong-nghe-thong-tin-cr257?type_keyword=1&page=26&category_family=r257
Found 50 jobs
Scraping: https://www.topcv.vn/tim-viec-lam-cong-nghe-thong-tin-cr257?type_keyword=1&page=27&category_family=r257
Found 50 jobs
Scraping: https://www.topcv.vn/tim-viec-lam-cong-nghe-thong-tin-cr257?type_keyword=1&page=28&category_family=r257
Found 50 jobs
Scraping: https://www.topcv.vn/tim-viec-lam-cong-nghe-thong-tin-cr257?type_keyword=1&page=29&category_family=r257
Found 50 jobs
Scraping: https://www.topcv.vn/tim-viec-lam-cong-nghe-thong-tin-cr257?type_keyword=1&page=30&category_family=r257
Found 50 jobs
Scraping: https://www.topcv.vn/tim-viec-lam-cong-nghe-thong-tin-cr257?type_keyword=1&page=31&category_family=r257
Found 50 jobs
Scraping: https://www.topcv.vn/tim-viec-lam-cong-nghe-thong-tin-cr257?type_keyword=1&page=32&category_family=r257
Found 50 jobs
Scraping: https://www.topcv.vn/tim-viec-lam-cong-nghe-thong-tin-cr257?type_keyword=1&page=33&category_family=r257
Found 50 jobs
Scraping: https://www.topcv.vn/tim-viec-lam-cong-nghe-thong-tin-cr257?type_keyword=1&page=34&category_family=r257
Found 50 jobs
Scraping: https://www.topcv.vn/tim-viec-lam-cong-nghe-thong-tin-cr257?type_keyword=1&page=35&category_family=r257
Found 50 jobs
Scraping: https://www.topcv.vn/tim-viec-lam-cong-nghe-thong-tin-cr257?type_keyword=1&page=36&category_family=r257
Found 50 jobs
Scraping: https://www.topcv.vn/tim-viec-lam-cong-nghe-thong-tin-cr257?type_keyword=1&page=37&category_family=r257
Found 50 jobs
Scraping: https://www.topcv.vn/tim-viec-lam-cong-nghe-thong-tin-cr257?type_keyword=1&page=38&category_family=r257
Found 50 jobs
Scraping: https://www.topcv.vn/tim-viec-lam-cong-nghe-thong-tin-cr257?type_keyword=1&page=39&category_family=r257
Found 50 jobs
Scraping: https://www.topcv.vn/tim-viec-lam-cong-nghe-thong-tin-cr257?type_keyword=1&page=40&category_family=r257
Found 50 jobs
Scraping: https://www.topcv.vn/tim-viec-lam-cong-nghe-thong-tin-cr257?type_keyword=1&page=41&category_family=r257
Found 50 jobs
Scraping: https://www.topcv.vn/tim-viec-lam-cong-nghe-thong-tin-cr257?type_keyword=1&page=42&category_family=r257
Found 50 jobs
Scraping: https://www.topcv.vn/tim-viec-lam-cong-nghe-thong-tin-cr257?type_keyword=1&page=43&category_family=r257
Found 50 jobs
Scraping: https://www.topcv.vn/tim-viec-lam-cong-nghe-thong-tin-cr257?type_keyword=1&page=44&category_family=r257
Found 50 jobs
Scraping: https://www.topcv.vn/tim-viec-lam-cong-nghe-thong-tin-cr257?type_keyword=1&page=45&category_family=r257
Found 50 jobs
Scraping: https://www.topcv.vn/tim-viec-lam-cong-nghe-thong-tin-cr257?type_keyword=1&page=46&category_family=r257
Found 50 jobs
Scraping: https://www.topcv.vn/tim-viec-lam-cong-nghe-thong-tin-cr257?type_keyword=1&page=47&category_family=r257
Found 50 jobs
Scraping: https://www.topcv.vn/tim-viec-lam-cong-nghe-thong-tin-cr257?type_keyword=1&page=48&category_family=r257
Found 50 jobs
Scraping: https://www.topcv.vn/tim-viec-lam-cong-nghe-thong-tin-cr257?type_keyword=1&page=49&category_family=r257
Found 50 jobs
Scraping: https://www.topcv.vn/tim-viec-lam-cong-nghe-thong-tin-cr257?type_keyword=1&page=50&category_family=r257
Found 50 jobs
Scraping: https://www.topcv.vn/tim-viec-lam-cong-nghe-thong-tin-cr257?type_keyword=1&page=51&category_family=r257
Found 50 jobs
Scraping: https://www.topcv.vn/tim-viec-lam-cong-nghe-thong-tin-cr257?type_keyword=1&page=52&category_family=r257
Found 50 jobs
Scraping: https://www.topcv.vn/tim-viec-lam-cong-nghe-thong-tin-cr257?type_keyword=1&page=53&category_family=r257
Found 50 jobs
Scraping: https://www.topcv.vn/tim-viec-lam-cong-nghe-thong-tin-cr257?type_keyword=1&page=54&category_family=r257
Found 50 jobs
Scraping: https://www.topcv.vn/tim-viec-lam-cong-nghe-thong-tin-cr257?type_keyword=1&page=55&category_family=r257
Found 50 jobs
Scraping: https://www.topcv.vn/tim-viec-lam-cong-nghe-thong-tin-cr257?type_keyword=1&page=56&category_family=r257
Found 50 jobs
Scraping: https://www.topcv.vn/tim-viec-lam-cong-nghe-thong-tin-cr257?type_keyword=1&page=57&category_family=r257
Found 50 jobs
Scraping: https://www.topcv.vn/tim-viec-lam-cong-nghe-thong-tin-cr257?type_keyword=1&page=58&category_family=r257
Found 50 jobs
Scraping: https://www.topcv.vn/tim-viec-lam-cong-nghe-thong-tin-cr257?type_keyword=1&page=59&category_family=r257
Found 50 jobs
Scraping: https://www.topcv.vn/tim-viec-lam-cong-nghe-thong-tin-cr257?type_keyword=1&page=60&category_family=r257
Found 50 jobs
Scraping: https://www.topcv.vn/tim-viec-lam-cong-nghe-thong-tin-cr257?type_keyword=1&page=61&category_family=r257
Found 50 jobs
Scraping: https://www.topcv.vn/tim-viec-lam-cong-nghe-thong-tin-cr257?type_keyword=1&page=62&category_family=r257
Found 50 jobs
Scraping: https://www.topcv.vn/tim-viec-lam-cong-nghe-thong-tin-cr257?type_keyword=1&page=63&category_family=r257
Found 50 jobs
Scraping: https://www.topcv.vn/tim-viec-lam-cong-nghe-thong-tin-cr257?type_keyword=1&page=64&category_family=r257
Found 50 jobs
Scraping: https://www.topcv.vn/tim-viec-lam-cong-nghe-thong-tin-cr257?type_keyword=1&page=65&category_family=r257
Found 50 jobs
Scraping: https://www.topcv.vn/tim-viec-lam-cong-nghe-thong-tin-cr257?type_keyword=1&page=66&category_family=r257
Found 50 jobs
Scraping: https://www.topcv.vn/tim-viec-lam-cong-nghe-thong-tin-cr257?type_keyword=1&page=67&category_family=r257
Found 50 jobs
Scraping: https://www.topcv.vn/tim-viec-lam-cong-nghe-thong-tin-cr257?type_keyword=1&page=68&category_family=r257
Found 50 jobs
Scraping: https://www.topcv.vn/tim-viec-lam-cong-nghe-thong-tin-cr257?type_keyword=1&page=69&category_family=r257
Found 50 jobs
Scraping: https://www.topcv.vn/tim-viec-lam-cong-nghe-thong-tin-cr257?type_keyword=1&page=70&category_family=r257
Found 50 jobs
Scraping: https://www.topcv.vn/tim-viec-lam-cong-nghe-thong-tin-cr257?type_keyword=1&page=71&category_family=r257
Found 27 jobs

Total jobs collected: 3527
   ID                                              title                                               link
0   1  Kỹ Sư Triển Khai Dự Án Hệ Thống (Postsale Syst...  https://www.topcv.vn/viec-lam/ky-su-trien-khai...
1   2  Nhân Viên Tư Vấn Phát Triển Phần Mềm (HCM - Th...  https://www.topcv.vn/viec-lam/nhan-vien-tu-van...
2   3  Nhân Viên Kinh Doanh/Sale/Tư Vấn Bán Hàng(Máy ...  https://www.topcv.vn/viec-lam/nhan-vien-kinh-d...
3   4  Business Analyst | Từ 3 Năm Kinh Nghiệm | Thu ...  https://www.topcv.vn/viec-lam/business-analyst...
4   5  Nhân Viên Kinh Doanh Phần Mềm ERP/ Sales ERP T...  https://www.topcv.vn/viec-lam/nhan-vien-kinh-d...
Saved to: D:\Git\DS111-DoAn\analysis-job-trend\data\job-list\job_list.csv