(venv310) PS D:\Git\DS111-DoAn\analysis-job-trend> python .\src\crawling\.py\2-Craw-Html-Content.py
Data Partitioning Configured:
   - Original Total: 3527
   - Processing Range: [0 -> 200]
   - Jobs to process on this VPS: 200
Starting Chrome in debug mode...
Chrome ready
Processing 200 jobs...
  4%|████▍                                                                                             | 9/200 [01:47<38:33, 12.11s/it] -> Auto-saved 10 jobs total.
 10%|█████████▏                                                                                       | 19/200 [03:38<33:58, 11.26s/it] -> Auto-saved 20 jobs total.
 12%|████████████▏                                                                                    | 25/200 [04:43<31:02, 10.64s/it]
==================================================
PHÁT HIỆN CLOUDFLARE! ĐANG TẠM DỪNG...
Vui lòng mở trình duyệt và tick vào ô xác thực (Verify you are human).
Code sẽ tự động chạy tiếp sau khi bạn vượt qua.
==================================================

 13%|████████████▌                                                                                    | 26/200 [05:25<57:38, 19.88s/it]   -> Layout: BRAND TYPE 1 (Premium)
 14%|██████████████                                                                                   | 29/200 [06:02<42:39, 14.97s/it] -> Auto-saved 30 jobs total.
 20%|██████████████████▉                                                                              | 39/200 [08:35<39:33, 14.74s/it] -> Auto-saved 40 jobs total.
 24%|███████████████████████▊                                                                         | 49/200 [10:24<28:22, 11.28s/it] -> Auto-saved 50 jobs total.
 26%|█████████████████████████▋                                                                       | 53/200 [11:14<29:54, 12.21s/it]
==================================================
PHÁT HIỆN CLOUDFLARE! ĐANG TẠM DỪNG...
Vui lòng mở trình duyệt và tick vào ô xác thực (Verify you are human).
Code sẽ tự động chạy tiếp sau khi bạn vượt qua.
==================================================

 30%|████████████████████████████▌                                                                    | 59/200 [12:49<29:25, 12.52s/it]   -> Layout: BRAND TYPE 1 (Premium)
 -> Auto-saved 60 jobs total.
 32%|███████████████████████████████                                                                  | 64/200 [13:49<27:41, 12.22s/it]   -> Layout: BRAND TYPE 1 (Premium)
 34%|█████████████████████████████████▍                                                               | 69/200 [14:44<24:14, 11.10s/it] -> Auto-saved 70 jobs total.
 37%|███████████████████████████████████▉                                                             | 74/200 [15:47<25:56, 12.36s/it]   -> Layout: BRAND TYPE 1 (Premium)
 40%|██████████████████████████████████████▎                                                          | 79/200 [16:43<23:21, 11.58s/it] -> Auto-saved 80 jobs total.
 44%|███████████████████████████████████████████▏                                                     | 89/200 [18:47<23:34, 12.75s/it]
==================================================
PHÁT HIỆN CLOUDFLARE! ĐANG TẠM DỪNG...
Vui lòng mở trình duyệt và tick vào ô xác thực (Verify you are human).
Code sẽ tự động chạy tiếp sau khi bạn vượt qua.
==================================================

 -> Auto-saved 90 jobs total.
 48%|██████████████████████████████████████████████                                                   | 95/200 [20:27<23:16, 13.30s/it]   -> Layout: BRAND TYPE 2 (Box Info)
 49%|███████████████████████████████████████████████▌                                                 | 98/200 [21:05<21:53, 12.88s/it]   -> Layout: BRAND TYPE 1 (Premium)
 50%|████████████████████████████████████████████████                                                 | 99/200 [21:15<20:17, 12.05s/it] -> Auto-saved 100 jobs total.
 55%|████████████████████████████████████████████████████▎                                           | 109/200 [23:14<17:46, 11.72s/it] -> Auto-saved 110 jobs total.
 59%|████████████████████████████████████████████████████████▋                                       | 118/200 [25:09<17:45, 12.99s/it]   -> Layout: BRAND TYPE 2 (Box Info)
 60%|█████████████████████████████████████████████████████████                                       | 119/200 [25:21<17:10, 12.72s/it] -> Auto-saved 120 jobs total.
 64%|█████████████████████████████████████████████████████████████▉                                  | 129/200 [27:25<14:03, 11.88s/it] -> Auto-saved 130 jobs total.
 70%|██████████████████████████████████████████████████████████████████▋                             | 139/200 [29:31<12:50, 12.62s/it] -> Auto-saved 140 jobs total.
 73%|██████████████████████████████████████████████████████████████████████                          | 146/200 [32:07<14:46, 16.41s/it]
==================================================
PHÁT HIỆN CLOUDFLARE! ĐANG TẠM DỪNG...
Vui lòng mở trình duyệt và tick vào ô xác thực (Verify you are human).
Code sẽ tự động chạy tiếp sau khi bạn vượt qua.
==================================================

 74%|███████████████████████████████████████████████████████████████████████▌                        | 149/200 [33:14<15:19, 18.02s/it] -> Auto-saved 150 jobs total.
 80%|████████████████████████████████████████████████████████████████████████████▎                   | 159/200 [35:15<08:37, 12.61s/it] -> Auto-saved 160 jobs total.
 84%|█████████████████████████████████████████████████████████████████████████████████               | 169/200 [37:16<05:57, 11.52s/it]   -> Layout: BRAND TYPE 2 (Box Info)
 -> Auto-saved 170 jobs total.
 90%|█████████████████████████████████████████████████████████████████████████████████████▉          | 179/200 [39:21<04:15, 12.15s/it] -> Auto-saved 180 jobs total.
 94%|██████████████████████████████████████████████████████████████████████████████████████████▋     | 189/200 [41:18<02:10, 11.86s/it] -> Auto-saved 190 jobs total.
 96%|███████████████████████████████████████████████████████████████████████████████████████████▋    | 191/200 [41:42<01:47, 11.99s/it] 
==================================================
PHÁT HIỆN CLOUDFLARE! ĐANG TẠM DỪNG...
Vui lòng mở trình duyệt và tick vào ô xác thực (Verify you are human).
Code sẽ tự động chạy tiếp sau khi bạn vượt qua.
==================================================

 99%|███████████████████████████████████████████████████████████████████████████████████████████████ | 198/200 [43:41<00:26, 13.48s/it]   -> Layout: BRAND TYPE 2 (Box Info)
100%|███████████████████████████████████████████████████████████████████████████████████████████████▌| 199/200 [43:50<00:12, 12.30s/it] -> Auto-saved 200 jobs total.
100%|████████████████████████████████████████████████████████████████████████████████████████████████| 200/200 [44:02<00:00, 13.21s/it]

Success! Total jobs saved: 200 in D:\Git\DS111-DoAn\analysis-job-trend\data\job-list\job_list.json
Done